<html>
<head>
<title>TestNG:  Test</title>
<link href="../testng.css" rel="stylesheet" type="text/css" />
<link href="../my-testng.css" rel="stylesheet" type="text/css" />

<style type="text/css">
.log { display: none;} 
.stack-trace { display: none;} 
</style>
<script type="text/javascript">
<!--
function flip(e) {
  current = e.style.display;
  if (current == 'block') {
    e.style.display = 'none';
    return 0;
  }
  else {
    e.style.display = 'block';
    return 1;
  }
}

function toggleBox(szDivId, elem, msg1, msg2)
{
  var res = -1;  if (document.getElementById) {
    res = flip(document.getElementById(szDivId));
  }
  else if (document.all) {
    // this is the way old msie versions work
    res = flip(document.all[szDivId]);
  }
  if(elem) {
    if(res == 0) elem.innerHTML = msg1; else elem.innerHTML = msg2;
  }

}

function toggleAllBoxes() {
  if (document.getElementsByTagName) {
    d = document.getElementsByTagName('div');
    for (i = 0; i < d.length; i++) {
      if (d[i].className == 'log') {
        flip(d[i]);
      }
    }
  }
}

// -->
</script>

</head>
<body>
<h2 align='center'>Test</h2><table border='1' align="center">
<tr>
<td>Tests passed/Failed/Skipped:</td><td>6/2/2</td>
</tr><tr>
<td>Started on:</td><td>Sun Sep 30 09:36:29 IST 2018</td>
</tr>
<tr><td>Total time:</td><td>0 seconds (121 ms)</td>
</tr><tr>
<td>Included groups:</td><td></td>
</tr><tr>
<td>Excluded groups:</td><td></td>
</tr>
</table><p/>
<small><i>(Hover the method name to see the test class name)</i></small><p/>
<table width='100%' border='1' class='invocation-passed'>
<tr><td colspan='4' align='center'><b>PASSED TESTS</b></td></tr>
<tr><td><b>Test method</b></td>
<td width="30%"><b>Exception</b></td>
<td width="10%"><b>Time (seconds)</b></td>
<td><b>Instance</b></td>
</tr>
<tr>
<td title='TestSenarios.TestNGClass1.C()'><b>C</b><br>Test class: TestSenarios.TestNGClass1</td>
<td></td>
<td>0</td>
<td>TestSenarios.TestNGClass1@6a4f787b</td></tr>
<tr>
<td title='TestSenarios.TestNGClass2.l()'><b>l</b><br>Test class: TestSenarios.TestNGClass2</td>
<td></td>
<td>0</td>
<td>TestSenarios.TestNGClass2@3abbfa04</td></tr>
<tr>
<td title='TestSenarios.TestNGClass2.v()'><b>v</b><br>Test class: TestSenarios.TestNGClass2</td>
<td></td>
<td>0</td>
<td>TestSenarios.TestNGClass2@3abbfa04</td></tr>
<tr>
<td title='TestSenarios.TestNGClass2.x()'><b>x</b><br>Test class: TestSenarios.TestNGClass2</td>
<td></td>
<td>0</td>
<td>TestSenarios.TestNGClass2@3abbfa04</td></tr>
<tr>
<td title='TestSenarios.TestNGClass2.y()'><b>y</b><br>Test class: TestSenarios.TestNGClass2</td>
<td></td>
<td>0</td>
<td>TestSenarios.TestNGClass2@3abbfa04</td></tr>
<tr>
<td title='TestSenarios.TestNGClass2.z()'><b>z</b><br>Test class: TestSenarios.TestNGClass2</td>
<td></td>
<td>0</td>
<td>TestSenarios.TestNGClass2@3abbfa04</td></tr>
</table><p>
<table width='100%' border='1' class='invocation-skipped'>
<tr><td colspan='4' align='center'><b>SKIPPED TESTS</b></td></tr>
<tr><td><b>Test method</b></td>
<td width="30%"><b>Exception</b></td>
<td width="10%"><b>Time (seconds)</b></td>
<td><b>Instance</b></td>
</tr>
<tr>
<td title='TestSenarios.TestNGClass1.a()'><b>a</b><br>Test class: TestSenarios.TestNGClass1</td>
<td><div><pre>org.testng.TestNGException: 
Parameter &apos;Bowser&apos; is required by @Test on method a but has not been marked @Optional or defined
in C:\Users\himansja\eclipse-workspace\SeleniumWorkspace\QAAutomation\testng2Factory.xml
... Removed 22 stack frames</pre></div><a href='#' onClick='toggleBox("stack-trace1241276575", this, "Click to show all stack frames", "Click to hide stack frames")'>Click to show all stack frames</a>
<div class='stack-trace' id='stack-trace1241276575'><pre>org.testng.TestNGException: 
Parameter &apos;Bowser&apos; is required by @Test on method a but has not been marked @Optional or defined
in C:\Users\himansja\eclipse-workspace\SeleniumWorkspace\QAAutomation\testng2Factory.xml
	at org.testng.internal.Parameters.createParameters(Parameters.java:155)
	at org.testng.internal.Parameters.createParameters(Parameters.java:358)
	at org.testng.internal.Parameters.handleParameters(Parameters.java:450)
	at org.testng.internal.Invoker.handleParameters(Invoker.java:1383)
	at org.testng.internal.Invoker.createParameters(Invoker.java:1075)
	at org.testng.internal.Invoker.invokeTestMethods(Invoker.java:1180)
	at org.testng.internal.TestMethodWorker.invokeTestMethods(TestMethodWorker.java:127)
	at org.testng.internal.TestMethodWorker.run(TestMethodWorker.java:111)
	at org.testng.TestRunner.privateRun(TestRunner.java:767)
	at org.testng.TestRunner.run(TestRunner.java:617)
	at org.testng.SuiteRunner.runTest(SuiteRunner.java:348)
	at org.testng.SuiteRunner.runSequentially(SuiteRunner.java:343)
	at org.testng.SuiteRunner.privateRun(SuiteRunner.java:305)
	at org.testng.SuiteRunner.run(SuiteRunner.java:254)
	at org.testng.SuiteRunnerWorker.runSuite(SuiteRunnerWorker.java:52)
	at org.testng.SuiteRunnerWorker.run(SuiteRunnerWorker.java:86)
	at org.testng.TestNG.runSuitesSequentially(TestNG.java:1224)
	at org.testng.TestNG.runSuitesLocally(TestNG.java:1149)
	at org.testng.TestNG.run(TestNG.java:1057)
	at org.testng.remote.AbstractRemoteTestNG.run(AbstractRemoteTestNG.java:114)
	at org.testng.remote.RemoteTestNG.initAndRun(RemoteTestNG.java:251)
	at org.testng.remote.RemoteTestNG.main(RemoteTestNG.java:77)
</pre></div></td>
<td>0</td>
<td>TestSenarios.TestNGClass1@6a4f787b</td></tr>
<tr>
<td title='TestSenarios.TestNGClass1.d()'><b>d</b><br>Test class: TestSenarios.TestNGClass1</td>
<td></td>
<td>0</td>
<td>null</td></tr>
<tr>
<td title='TestSenarios.TestNGClass1.e()'><b>e</b><br>Test class: TestSenarios.TestNGClass1</td>
<td><div><pre>org.testng.TestException: 
Parameter &apos;Bowser&apos; is required by @Test on method e but has not been marked @Optional or defined
in C:\Users\himansja\eclipse-workspace\SeleniumWorkspace\QAAutomation\testng2Factory.xml
Parameter &apos;Bowser&apos; is required by @Test on method e but has not been marked @Optional or defined
in C:\Users\himansja\eclipse-workspace\SeleniumWorkspace\QAAutomation\testng2Factory.xml
	... 16 more
... Removed 26 stack frames</pre></div><a href='#' onClick='toggleBox("stack-trace215145189", this, "Click to show all stack frames", "Click to hide stack frames")'>Click to show all stack frames</a>
<div class='stack-trace' id='stack-trace215145189'><pre>org.testng.TestException: 
Expected exception java.lang.ArithmeticException but got org.testng.TestNGException: 
Parameter &apos;Bowser&apos; is required by @Test on method e but has not been marked @Optional or defined
in C:\Users\himansja\eclipse-workspace\SeleniumWorkspace\QAAutomation\testng2Factory.xml
	at org.testng.internal.Invoker.handleInvocationResults(Invoker.java:1497)
	at org.testng.internal.Invoker.invokeTestMethods(Invoker.java:1185)
	at org.testng.internal.TestMethodWorker.invokeTestMethods(TestMethodWorker.java:127)
	at org.testng.internal.TestMethodWorker.run(TestMethodWorker.java:111)
	at org.testng.TestRunner.privateRun(TestRunner.java:767)
	at org.testng.TestRunner.run(TestRunner.java:617)
	at org.testng.SuiteRunner.runTest(SuiteRunner.java:348)
	at org.testng.SuiteRunner.runSequentially(SuiteRunner.java:343)
	at org.testng.SuiteRunner.privateRun(SuiteRunner.java:305)
	at org.testng.SuiteRunner.run(SuiteRunner.java:254)
	at org.testng.SuiteRunnerWorker.runSuite(SuiteRunnerWorker.java:52)
	at org.testng.SuiteRunnerWorker.run(SuiteRunnerWorker.java:86)
	at org.testng.TestNG.runSuitesSequentially(TestNG.java:1224)
	at org.testng.TestNG.runSuitesLocally(TestNG.java:1149)
	at org.testng.TestNG.run(TestNG.java:1057)
	at org.testng.remote.AbstractRemoteTestNG.run(AbstractRemoteTestNG.java:114)
	at org.testng.remote.RemoteTestNG.initAndRun(RemoteTestNG.java:251)
	at org.testng.remote.RemoteTestNG.main(RemoteTestNG.java:77)
Caused by: org.testng.TestNGException: 
Parameter &apos;Bowser&apos; is required by @Test on method e but has not been marked @Optional or defined
in C:\Users\himansja\eclipse-workspace\SeleniumWorkspace\QAAutomation\testng2Factory.xml
	at org.testng.internal.Parameters.createParameters(Parameters.java:155)
	at org.testng.internal.Parameters.createParameters(Parameters.java:358)
	at org.testng.internal.Parameters.handleParameters(Parameters.java:450)
	at org.testng.internal.Invoker.handleParameters(Invoker.java:1383)
	at org.testng.internal.Invoker.createParameters(Invoker.java:1075)
	at org.testng.internal.Invoker.invokeTestMethods(Invoker.java:1180)
	... 16 more
</pre></div></td>
<td>0</td>
<td>TestSenarios.TestNGClass1@6a4f787b</td></tr>
<tr>
<td title='TestSenarios.TestNGClass1.f()'><b>f</b><br>Test class: TestSenarios.TestNGClass1</td>
<td></td>
<td>0</td>
<td>null</td></tr>
</table><p>
</body>
</html>