<?xml version="1.0" encoding="UTF-8"?>
<!-- Generated by org.testng.reporters.JUnitReportReporter -->
<testsuite hostname="LIN60015134" name="TestSenarios.TestNGClass1" tests="5" failures="4" timestamp="12 Apr 2019 06:57:13 GMT" time="0.009" errors="0">
  <testcase name="a" time="0.001" classname="TestSenarios.TestNGClass1">
    <failure type="org.testng.TestNGException" message="
Parameter &#039;Bowser&#039; is required by @Test on method a but has not been marked @Optional or defined
in C:\Users\himansja\AppData\Local\Temp\testng-eclipse--2091874184\testng-customsuite.xml">
      <![CDATA[org.testng.TestNGException: 
Parameter 'Bowser' is required by @Test on method a but has not been marked @Optional or defined
in C:\Users\himansja\AppData\Local\Temp\testng-eclipse--2091874184\testng-customsuite.xml
	at org.testng.internal.Parameters.createParameters(Parameters.java:155)
	at org.testng.internal.Parameters.createParameters(Parameters.java:358)
	at org.testng.internal.Parameters.handleParameters(Parameters.java:450)
	at org.testng.internal.Invoker.handleParameters(Invoker.java:1383)
	at org.testng.internal.Invoker.createParameters(Invoker.java:1075)
	at org.testng.internal.Invoker.invokeTestMethods(Invoker.java:1180)
	at org.testng.internal.TestMethodWorker.invokeTestMethods(TestMethodWorker.java:127)
	at org.testng.internal.TestMethodWorker.run(TestMethodWorker.java:111)
	at org.testng.TestRunner.privateRun(TestRunner.java:767)
	at org.testng.TestRunner.run(TestRunner.java:617)
	at org.testng.SuiteRunner.runTest(SuiteRunner.java:348)
	at org.testng.SuiteRunner.runSequentially(SuiteRunner.java:343)
	at org.testng.SuiteRunner.privateRun(SuiteRunner.java:305)
	at org.testng.SuiteRunner.run(SuiteRunner.java:254)
	at org.testng.SuiteRunnerWorker.runSuite(SuiteRunnerWorker.java:52)
	at org.testng.SuiteRunnerWorker.run(SuiteRunnerWorker.java:86)
	at org.testng.TestNG.runSuitesSequentially(TestNG.java:1224)
	at org.testng.TestNG.runSuitesLocally(TestNG.java:1149)
	at org.testng.TestNG.run(TestNG.java:1057)
	at org.testng.remote.AbstractRemoteTestNG.run(AbstractRemoteTestNG.java:114)
	at org.testng.remote.RemoteTestNG.initAndRun(RemoteTestNG.java:251)
	at org.testng.remote.RemoteTestNG.main(RemoteTestNG.java:77)
]]>
    </failure>
  </testcase> <!-- a -->
  <testcase name="e" time="0.000" classname="TestSenarios.TestNGClass1">
    <failure type="org.testng.TestException" message="
Expected exception java.lang.ArithmeticException but got org.testng.TestNGException: 
Parameter &#039;Bowser&#039; is required by @Test on method e but has not been marked @Optional or defined
in C:\Users\himansja\AppData\Local\Temp\testng-eclipse--2091874184\testng-customsuite.xml">
      <![CDATA[org.testng.TestException: 
Expected exception java.lang.ArithmeticException but got org.testng.TestNGException: 
Parameter 'Bowser' is required by @Test on method e but has not been marked @Optional or defined
in C:\Users\himansja\AppData\Local\Temp\testng-eclipse--2091874184\testng-customsuite.xml
	at org.testng.internal.Invoker.handleInvocationResults(Invoker.java:1497)
	at org.testng.internal.Invoker.invokeTestMethods(Invoker.java:1185)
	at org.testng.internal.TestMethodWorker.invokeTestMethods(TestMethodWorker.java:127)
	at org.testng.internal.TestMethodWorker.run(TestMethodWorker.java:111)
	at org.testng.TestRunner.privateRun(TestRunner.java:767)
	at org.testng.TestRunner.run(TestRunner.java:617)
	at org.testng.SuiteRunner.runTest(SuiteRunner.java:348)
	at org.testng.SuiteRunner.runSequentially(SuiteRunner.java:343)
	at org.testng.SuiteRunner.privateRun(SuiteRunner.java:305)
	at org.testng.SuiteRunner.run(SuiteRunner.java:254)
	at org.testng.SuiteRunnerWorker.runSuite(SuiteRunnerWorker.java:52)
	at org.testng.SuiteRunnerWorker.run(SuiteRunnerWorker.java:86)
	at org.testng.TestNG.runSuitesSequentially(TestNG.java:1224)
	at org.testng.TestNG.runSuitesLocally(TestNG.java:1149)
	at org.testng.TestNG.run(TestNG.java:1057)
	at org.testng.remote.AbstractRemoteTestNG.run(AbstractRemoteTestNG.java:114)
	at org.testng.remote.RemoteTestNG.initAndRun(RemoteTestNG.java:251)
	at org.testng.remote.RemoteTestNG.main(RemoteTestNG.java:77)
Caused by: org.testng.TestNGException: 
Parameter 'Bowser' is required by @Test on method e but has not been marked @Optional or defined
in C:\Users\himansja\AppData\Local\Temp\testng-eclipse--2091874184\testng-customsuite.xml
	at org.testng.internal.Parameters.createParameters(Parameters.java:155)
	at org.testng.internal.Parameters.createParameters(Parameters.java:358)
	at org.testng.internal.Parameters.handleParameters(Parameters.java:450)
	at org.testng.internal.Invoker.handleParameters(Invoker.java:1383)
	at org.testng.internal.Invoker.createParameters(Invoker.java:1075)
	at org.testng.internal.Invoker.invokeTestMethods(Invoker.java:1180)
	... 16 more
]]>
    </failure>
  </testcase> <!-- e -->
  <testcase name="d" time="0.000" classname="TestSenarios.TestNGClass1"/>
  <testcase name="f" time="0.001" classname="TestSenarios.TestNGClass1"/>
  <testcase name="C" time="0.007" classname="TestSenarios.TestNGClass1"/>
</testsuite> <!-- TestSenarios.TestNGClass1 -->
